mode: set
_\C_\Users\Bruker\OneDrive_–_NTNU\Cloud_Tecnologies\Assignments\cloud-tecnologies-assignment-2\main.go:84.45,88.2 1 0
_\C_\Users\Bruker\OneDrive_–_NTNU\Cloud_Tecnologies\Assignments\cloud-tecnologies-assignment-2\main.go:91.34,93.16 2 1
_\C_\Users\Bruker\OneDrive_–_NTNU\Cloud_Tecnologies\Assignments\cloud-tecnologies-assignment-2\main.go:96.2,96.23 1 1
_\C_\Users\Bruker\OneDrive_–_NTNU\Cloud_Tecnologies\Assignments\cloud-tecnologies-assignment-2\main.go:93.16,94.13 1 0
_\C_\Users\Bruker\OneDrive_–_NTNU\Cloud_Tecnologies\Assignments\cloud-tecnologies-assignment-2\main.go:111.92,113.16 2 1
_\C_\Users\Bruker\OneDrive_–_NTNU\Cloud_Tecnologies\Assignments\cloud-tecnologies-assignment-2\main.go:116.2,120.16 4 1
_\C_\Users\Bruker\OneDrive_–_NTNU\Cloud_Tecnologies\Assignments\cloud-tecnologies-assignment-2\main.go:124.2,125.29 2 1
_\C_\Users\Bruker\OneDrive_–_NTNU\Cloud_Tecnologies\Assignments\cloud-tecnologies-assignment-2\main.go:113.16,115.3 1 0
_\C_\Users\Bruker\OneDrive_–_NTNU\Cloud_Tecnologies\Assignments\cloud-tecnologies-assignment-2\main.go:120.16,122.3 1 0
_\C_\Users\Bruker\OneDrive_–_NTNU\Cloud_Tecnologies\Assignments\cloud-tecnologies-assignment-2\main.go:129.87,131.16 2 1
_\C_\Users\Bruker\OneDrive_–_NTNU\Cloud_Tecnologies\Assignments\cloud-tecnologies-assignment-2\main.go:134.2,137.16 3 1
_\C_\Users\Bruker\OneDrive_–_NTNU\Cloud_Tecnologies\Assignments\cloud-tecnologies-assignment-2\main.go:141.2,141.17 1 1
_\C_\Users\Bruker\OneDrive_–_NTNU\Cloud_Tecnologies\Assignments\cloud-tecnologies-assignment-2\main.go:131.16,133.3 1 0
_\C_\Users\Bruker\OneDrive_–_NTNU\Cloud_Tecnologies\Assignments\cloud-tecnologies-assignment-2\main.go:137.16,139.3 1 0
_\C_\Users\Bruker\OneDrive_–_NTNU\Cloud_Tecnologies\Assignments\cloud-tecnologies-assignment-2\main.go:145.72,148.16 3 1
_\C_\Users\Bruker\OneDrive_–_NTNU\Cloud_Tecnologies\Assignments\cloud-tecnologies-assignment-2\main.go:151.2,154.16 3 1
_\C_\Users\Bruker\OneDrive_–_NTNU\Cloud_Tecnologies\Assignments\cloud-tecnologies-assignment-2\main.go:157.2,157.39 1 1
_\C_\Users\Bruker\OneDrive_–_NTNU\Cloud_Tecnologies\Assignments\cloud-tecnologies-assignment-2\main.go:148.16,150.3 1 0
_\C_\Users\Bruker\OneDrive_–_NTNU\Cloud_Tecnologies\Assignments\cloud-tecnologies-assignment-2\main.go:154.16,156.3 1 0
_\C_\Users\Bruker\OneDrive_–_NTNU\Cloud_Tecnologies\Assignments\cloud-tecnologies-assignment-2\main.go:161.66,163.16 2 1
_\C_\Users\Bruker\OneDrive_–_NTNU\Cloud_Tecnologies\Assignments\cloud-tecnologies-assignment-2\main.go:166.2,169.16 3 1
_\C_\Users\Bruker\OneDrive_–_NTNU\Cloud_Tecnologies\Assignments\cloud-tecnologies-assignment-2\main.go:172.2,172.30 1 1
_\C_\Users\Bruker\OneDrive_–_NTNU\Cloud_Tecnologies\Assignments\cloud-tecnologies-assignment-2\main.go:163.16,165.3 1 0
_\C_\Users\Bruker\OneDrive_–_NTNU\Cloud_Tecnologies\Assignments\cloud-tecnologies-assignment-2\main.go:169.16,171.3 1 0
_\C_\Users\Bruker\OneDrive_–_NTNU\Cloud_Tecnologies\Assignments\cloud-tecnologies-assignment-2\main.go:176.84,178.16 2 1
_\C_\Users\Bruker\OneDrive_–_NTNU\Cloud_Tecnologies\Assignments\cloud-tecnologies-assignment-2\main.go:181.2,184.16 4 1
_\C_\Users\Bruker\OneDrive_–_NTNU\Cloud_Tecnologies\Assignments\cloud-tecnologies-assignment-2\main.go:187.2,188.16 2 1
_\C_\Users\Bruker\OneDrive_–_NTNU\Cloud_Tecnologies\Assignments\cloud-tecnologies-assignment-2\main.go:191.2,192.9 2 1
_\C_\Users\Bruker\OneDrive_–_NTNU\Cloud_Tecnologies\Assignments\cloud-tecnologies-assignment-2\main.go:195.2,195.35 1 1
_\C_\Users\Bruker\OneDrive_–_NTNU\Cloud_Tecnologies\Assignments\cloud-tecnologies-assignment-2\main.go:178.16,180.3 1 0
_\C_\Users\Bruker\OneDrive_–_NTNU\Cloud_Tecnologies\Assignments\cloud-tecnologies-assignment-2\main.go:184.16,186.3 1 0
_\C_\Users\Bruker\OneDrive_–_NTNU\Cloud_Tecnologies\Assignments\cloud-tecnologies-assignment-2\main.go:188.16,190.3 1 0
_\C_\Users\Bruker\OneDrive_–_NTNU\Cloud_Tecnologies\Assignments\cloud-tecnologies-assignment-2\main.go:192.9,194.3 1 0
_\C_\Users\Bruker\OneDrive_–_NTNU\Cloud_Tecnologies\Assignments\cloud-tecnologies-assignment-2\main.go:199.84,201.16 2 1
_\C_\Users\Bruker\OneDrive_–_NTNU\Cloud_Tecnologies\Assignments\cloud-tecnologies-assignment-2\main.go:204.2,207.16 4 1
_\C_\Users\Bruker\OneDrive_–_NTNU\Cloud_Tecnologies\Assignments\cloud-tecnologies-assignment-2\main.go:210.2,211.16 2 1
_\C_\Users\Bruker\OneDrive_–_NTNU\Cloud_Tecnologies\Assignments\cloud-tecnologies-assignment-2\main.go:214.2,215.19 2 1
_\C_\Users\Bruker\OneDrive_–_NTNU\Cloud_Tecnologies\Assignments\cloud-tecnologies-assignment-2\main.go:222.2,222.39 1 1
_\C_\Users\Bruker\OneDrive_–_NTNU\Cloud_Tecnologies\Assignments\cloud-tecnologies-assignment-2\main.go:201.16,203.3 1 0
_\C_\Users\Bruker\OneDrive_–_NTNU\Cloud_Tecnologies\Assignments\cloud-tecnologies-assignment-2\main.go:207.16,209.3 1 0
_\C_\Users\Bruker\OneDrive_–_NTNU\Cloud_Tecnologies\Assignments\cloud-tecnologies-assignment-2\main.go:211.16,213.3 1 0
_\C_\Users\Bruker\OneDrive_–_NTNU\Cloud_Tecnologies\Assignments\cloud-tecnologies-assignment-2\main.go:215.19,217.10 2 1
_\C_\Users\Bruker\OneDrive_–_NTNU\Cloud_Tecnologies\Assignments\cloud-tecnologies-assignment-2\main.go:220.3,220.15 1 1
_\C_\Users\Bruker\OneDrive_–_NTNU\Cloud_Tecnologies\Assignments\cloud-tecnologies-assignment-2\main.go:217.10,219.4 1 0
_\C_\Users\Bruker\OneDrive_–_NTNU\Cloud_Tecnologies\Assignments\cloud-tecnologies-assignment-2\main.go:226.69,229.16 3 1
_\C_\Users\Bruker\OneDrive_–_NTNU\Cloud_Tecnologies\Assignments\cloud-tecnologies-assignment-2\main.go:232.2,234.16 3 1
_\C_\Users\Bruker\OneDrive_–_NTNU\Cloud_Tecnologies\Assignments\cloud-tecnologies-assignment-2\main.go:237.2,237.27 1 1
_\C_\Users\Bruker\OneDrive_–_NTNU\Cloud_Tecnologies\Assignments\cloud-tecnologies-assignment-2\main.go:229.16,231.3 1 0
_\C_\Users\Bruker\OneDrive_–_NTNU\Cloud_Tecnologies\Assignments\cloud-tecnologies-assignment-2\main.go:234.16,236.3 1 0
_\C_\Users\Bruker\OneDrive_–_NTNU\Cloud_Tecnologies\Assignments\cloud-tecnologies-assignment-2\main.go:241.69,254.17 10 1
_\C_\Users\Bruker\OneDrive_–_NTNU\Cloud_Tecnologies\Assignments\cloud-tecnologies-assignment-2\main.go:257.3,258.55 2 1
_\C_\Users\Bruker\OneDrive_–_NTNU\Cloud_Tecnologies\Assignments\cloud-tecnologies-assignment-2\main.go:261.3,261.145 1 0
_\C_\Users\Bruker\OneDrive_–_NTNU\Cloud_Tecnologies\Assignments\cloud-tecnologies-assignment-2\main.go:254.17,256.4 1 0
_\C_\Users\Bruker\OneDrive_–_NTNU\Cloud_Tecnologies\Assignments\cloud-tecnologies-assignment-2\main.go:258.55,260.4 1 1
_\C_\Users\Bruker\OneDrive_–_NTNU\Cloud_Tecnologies\Assignments\cloud-tecnologies-assignment-2\main.go:266.50,271.16 4 1
_\C_\Users\Bruker\OneDrive_–_NTNU\Cloud_Tecnologies\Assignments\cloud-tecnologies-assignment-2\main.go:274.2,279.13 2 1
_\C_\Users\Bruker\OneDrive_–_NTNU\Cloud_Tecnologies\Assignments\cloud-tecnologies-assignment-2\main.go:271.16,273.3 1 0
_\C_\Users\Bruker\OneDrive_–_NTNU\Cloud_Tecnologies\Assignments\cloud-tecnologies-assignment-2\main.go:282.62,284.21 2 0
_\C_\Users\Bruker\OneDrive_–_NTNU\Cloud_Tecnologies\Assignments\cloud-tecnologies-assignment-2\main.go:284.21,285.25 1 0
_\C_\Users\Bruker\OneDrive_–_NTNU\Cloud_Tecnologies\Assignments\cloud-tecnologies-assignment-2\main.go:285.25,288.24 3 0
_\C_\Users\Bruker\OneDrive_–_NTNU\Cloud_Tecnologies\Assignments\cloud-tecnologies-assignment-2\main.go:292.4,292.37 1 0
_\C_\Users\Bruker\OneDrive_–_NTNU\Cloud_Tecnologies\Assignments\cloud-tecnologies-assignment-2\main.go:296.4,297.18 2 0
_\C_\Users\Bruker\OneDrive_–_NTNU\Cloud_Tecnologies\Assignments\cloud-tecnologies-assignment-2\main.go:301.4,303.30 3 0
_\C_\Users\Bruker\OneDrive_–_NTNU\Cloud_Tecnologies\Assignments\cloud-tecnologies-assignment-2\main.go:288.24,291.5 2 0
_\C_\Users\Bruker\OneDrive_–_NTNU\Cloud_Tecnologies\Assignments\cloud-tecnologies-assignment-2\main.go:292.37,295.5 2 0
_\C_\Users\Bruker\OneDrive_–_NTNU\Cloud_Tecnologies\Assignments\cloud-tecnologies-assignment-2\main.go:297.18,300.5 2 0
_\C_\Users\Bruker\OneDrive_–_NTNU\Cloud_Tecnologies\Assignments\cloud-tecnologies-assignment-2\main.go:304.4,307.4 2 0
_\C_\Users\Bruker\OneDrive_–_NTNU\Cloud_Tecnologies\Assignments\cloud-tecnologies-assignment-2\main.go:308.3,308.49 1 0
_\C_\Users\Bruker\OneDrive_–_NTNU\Cloud_Tecnologies\Assignments\cloud-tecnologies-assignment-2\main.go:308.49,309.24 1 0
_\C_\Users\Bruker\OneDrive_–_NTNU\Cloud_Tecnologies\Assignments\cloud-tecnologies-assignment-2\main.go:309.24,311.18 2 0
_\C_\Users\Bruker\OneDrive_–_NTNU\Cloud_Tecnologies\Assignments\cloud-tecnologies-assignment-2\main.go:315.4,316.39 2 0
_\C_\Users\Bruker\OneDrive_–_NTNU\Cloud_Tecnologies\Assignments\cloud-tecnologies-assignment-2\main.go:311.18,314.5 2 0
_\C_\Users\Bruker\OneDrive_–_NTNU\Cloud_Tecnologies\Assignments\cloud-tecnologies-assignment-2\main.go:318.4,318.34 1 0
_\C_\Users\Bruker\OneDrive_–_NTNU\Cloud_Tecnologies\Assignments\cloud-tecnologies-assignment-2\main.go:318.34,320.18 2 0
_\C_\Users\Bruker\OneDrive_–_NTNU\Cloud_Tecnologies\Assignments\cloud-tecnologies-assignment-2\main.go:320.18,323.5 2 0
_\C_\Users\Bruker\OneDrive_–_NTNU\Cloud_Tecnologies\Assignments\cloud-tecnologies-assignment-2\main.go:327.4,330.4 2 0
_\C_\Users\Bruker\OneDrive_–_NTNU\Cloud_Tecnologies\Assignments\cloud-tecnologies-assignment-2\main.go:331.3,334.3 2 0
_\C_\Users\Bruker\OneDrive_–_NTNU\Cloud_Tecnologies\Assignments\cloud-tecnologies-assignment-2\main.go:337.56,338.24 1 0
_\C_\Users\Bruker\OneDrive_–_NTNU\Cloud_Tecnologies\Assignments\cloud-tecnologies-assignment-2\main.go:338.24,341.23 3 0
_\C_\Users\Bruker\OneDrive_–_NTNU\Cloud_Tecnologies\Assignments\cloud-tecnologies-assignment-2\main.go:345.3,345.44 1 0
_\C_\Users\Bruker\OneDrive_–_NTNU\Cloud_Tecnologies\Assignments\cloud-tecnologies-assignment-2\main.go:350.3,351.17 2 0
_\C_\Users\Bruker\OneDrive_–_NTNU\Cloud_Tecnologies\Assignments\cloud-tecnologies-assignment-2\main.go:357.3,359.47 3 0
_\C_\Users\Bruker\OneDrive_–_NTNU\Cloud_Tecnologies\Assignments\cloud-tecnologies-assignment-2\main.go:341.23,344.4 2 0
_\C_\Users\Bruker\OneDrive_–_NTNU\Cloud_Tecnologies\Assignments\cloud-tecnologies-assignment-2\main.go:345.44,348.4 2 0
_\C_\Users\Bruker\OneDrive_–_NTNU\Cloud_Tecnologies\Assignments\cloud-tecnologies-assignment-2\main.go:351.17,354.4 2 0
_\C_\Users\Bruker\OneDrive_–_NTNU\Cloud_Tecnologies\Assignments\cloud-tecnologies-assignment-2\main.go:361.3,364.3 2 0
_\C_\Users\Bruker\OneDrive_–_NTNU\Cloud_Tecnologies\Assignments\cloud-tecnologies-assignment-2\main.go:367.57,368.24 1 0
_\C_\Users\Bruker\OneDrive_–_NTNU\Cloud_Tecnologies\Assignments\cloud-tecnologies-assignment-2\main.go:368.24,371.23 3 0
_\C_\Users\Bruker\OneDrive_–_NTNU\Cloud_Tecnologies\Assignments\cloud-tecnologies-assignment-2\main.go:375.3,375.44 1 0
_\C_\Users\Bruker\OneDrive_–_NTNU\Cloud_Tecnologies\Assignments\cloud-tecnologies-assignment-2\main.go:380.3,381.17 2 0
_\C_\Users\Bruker\OneDrive_–_NTNU\Cloud_Tecnologies\Assignments\cloud-tecnologies-assignment-2\main.go:387.3,389.48 3 0
_\C_\Users\Bruker\OneDrive_–_NTNU\Cloud_Tecnologies\Assignments\cloud-tecnologies-assignment-2\main.go:371.23,374.4 2 0
_\C_\Users\Bruker\OneDrive_–_NTNU\Cloud_Tecnologies\Assignments\cloud-tecnologies-assignment-2\main.go:375.44,378.4 2 0
_\C_\Users\Bruker\OneDrive_–_NTNU\Cloud_Tecnologies\Assignments\cloud-tecnologies-assignment-2\main.go:381.17,384.4 2 0
_\C_\Users\Bruker\OneDrive_–_NTNU\Cloud_Tecnologies\Assignments\cloud-tecnologies-assignment-2\main.go:391.3,394.3 2 0
_\C_\Users\Bruker\OneDrive_–_NTNU\Cloud_Tecnologies\Assignments\cloud-tecnologies-assignment-2\main.go:398.57,405.20 7 1
_\C_\Users\Bruker\OneDrive_–_NTNU\Cloud_Tecnologies\Assignments\cloud-tecnologies-assignment-2\main.go:416.2,418.22 3 1
_\C_\Users\Bruker\OneDrive_–_NTNU\Cloud_Tecnologies\Assignments\cloud-tecnologies-assignment-2\main.go:429.2,431.16 2 1
_\C_\Users\Bruker\OneDrive_–_NTNU\Cloud_Tecnologies\Assignments\cloud-tecnologies-assignment-2\main.go:442.2,443.16 2 1
_\C_\Users\Bruker\OneDrive_–_NTNU\Cloud_Tecnologies\Assignments\cloud-tecnologies-assignment-2\main.go:454.2,454.37 1 1
_\C_\Users\Bruker\OneDrive_–_NTNU\Cloud_Tecnologies\Assignments\cloud-tecnologies-assignment-2\main.go:471.2,476.11 6 1
_\C_\Users\Bruker\OneDrive_–_NTNU\Cloud_Tecnologies\Assignments\cloud-tecnologies-assignment-2\main.go:479.2,479.13 1 1
_\C_\Users\Bruker\OneDrive_–_NTNU\Cloud_Tecnologies\Assignments\cloud-tecnologies-assignment-2\main.go:405.20,410.12 5 0
_\C_\Users\Bruker\OneDrive_–_NTNU\Cloud_Tecnologies\Assignments\cloud-tecnologies-assignment-2\main.go:413.3,413.15 1 0
_\C_\Users\Bruker\OneDrive_–_NTNU\Cloud_Tecnologies\Assignments\cloud-tecnologies-assignment-2\main.go:410.12,412.4 1 0
_\C_\Users\Bruker\OneDrive_–_NTNU\Cloud_Tecnologies\Assignments\cloud-tecnologies-assignment-2\main.go:418.22,423.12 5 0
_\C_\Users\Bruker\OneDrive_–_NTNU\Cloud_Tecnologies\Assignments\cloud-tecnologies-assignment-2\main.go:426.3,426.15 1 0
_\C_\Users\Bruker\OneDrive_–_NTNU\Cloud_Tecnologies\Assignments\cloud-tecnologies-assignment-2\main.go:423.12,425.4 1 0
_\C_\Users\Bruker\OneDrive_–_NTNU\Cloud_Tecnologies\Assignments\cloud-tecnologies-assignment-2\main.go:431.16,436.12 5 0
_\C_\Users\Bruker\OneDrive_–_NTNU\Cloud_Tecnologies\Assignments\cloud-tecnologies-assignment-2\main.go:439.3,439.15 1 0
_\C_\Users\Bruker\OneDrive_–_NTNU\Cloud_Tecnologies\Assignments\cloud-tecnologies-assignment-2\main.go:436.12,438.4 1 0
_\C_\Users\Bruker\OneDrive_–_NTNU\Cloud_Tecnologies\Assignments\cloud-tecnologies-assignment-2\main.go:443.16,448.12 5 0
_\C_\Users\Bruker\OneDrive_–_NTNU\Cloud_Tecnologies\Assignments\cloud-tecnologies-assignment-2\main.go:451.3,451.15 1 0
_\C_\Users\Bruker\OneDrive_–_NTNU\Cloud_Tecnologies\Assignments\cloud-tecnologies-assignment-2\main.go:448.12,450.4 1 0
_\C_\Users\Bruker\OneDrive_–_NTNU\Cloud_Tecnologies\Assignments\cloud-tecnologies-assignment-2\main.go:454.37,456.129 2 1
_\C_\Users\Bruker\OneDrive_–_NTNU\Cloud_Tecnologies\Assignments\cloud-tecnologies-assignment-2\main.go:456.129,458.18 2 1
_\C_\Users\Bruker\OneDrive_–_NTNU\Cloud_Tecnologies\Assignments\cloud-tecnologies-assignment-2\main.go:458.18,463.14 5 0
_\C_\Users\Bruker\OneDrive_–_NTNU\Cloud_Tecnologies\Assignments\cloud-tecnologies-assignment-2\main.go:466.5,466.17 1 0
_\C_\Users\Bruker\OneDrive_–_NTNU\Cloud_Tecnologies\Assignments\cloud-tecnologies-assignment-2\main.go:463.14,465.6 1 0
_\C_\Users\Bruker\OneDrive_–_NTNU\Cloud_Tecnologies\Assignments\cloud-tecnologies-assignment-2\main.go:476.11,478.3 1 0
_\C_\Users\Bruker\OneDrive_–_NTNU\Cloud_Tecnologies\Assignments\cloud-tecnologies-assignment-2\main.go:482.64,483.23 1 0
_\C_\Users\Bruker\OneDrive_–_NTNU\Cloud_Tecnologies\Assignments\cloud-tecnologies-assignment-2\main.go:483.23,485.17 2 0
_\C_\Users\Bruker\OneDrive_–_NTNU\Cloud_Tecnologies\Assignments\cloud-tecnologies-assignment-2\main.go:490.3,490.38 1 0
_\C_\Users\Bruker\OneDrive_–_NTNU\Cloud_Tecnologies\Assignments\cloud-tecnologies-assignment-2\main.go:500.3,500.31 1 0
_\C_\Users\Bruker\OneDrive_–_NTNU\Cloud_Tecnologies\Assignments\cloud-tecnologies-assignment-2\main.go:485.17,488.4 2 0
_\C_\Users\Bruker\OneDrive_–_NTNU\Cloud_Tecnologies\Assignments\cloud-tecnologies-assignment-2\main.go:490.38,494.18 4 0
_\C_\Users\Bruker\OneDrive_–_NTNU\Cloud_Tecnologies\Assignments\cloud-tecnologies-assignment-2\main.go:494.18,497.5 2 0
_\C_\Users\Bruker\OneDrive_–_NTNU\Cloud_Tecnologies\Assignments\cloud-tecnologies-assignment-2\main.go:502.3,504.3 1 0
_\C_\Users\Bruker\OneDrive_–_NTNU\Cloud_Tecnologies\Assignments\cloud-tecnologies-assignment-2\main.go:509.13,518.15 4 0
_\C_\Users\Bruker\OneDrive_–_NTNU\Cloud_Tecnologies\Assignments\cloud-tecnologies-assignment-2\main.go:524.2,530.16 7 0
_\C_\Users\Bruker\OneDrive_–_NTNU\Cloud_Tecnologies\Assignments\cloud-tecnologies-assignment-2\main.go:518.15,519.28 1 0
_\C_\Users\Bruker\OneDrive_–_NTNU\Cloud_Tecnologies\Assignments\cloud-tecnologies-assignment-2\main.go:519.28,522.10 1 0
_\C_\Users\Bruker\OneDrive_–_NTNU\Cloud_Tecnologies\Assignments\cloud-tecnologies-assignment-2\main.go:530.16,531.13 1 0
